<?xml version="1.0" encoding="UTF-8"?>
<testng-results skipped="0" failed="0" total="1" passed="1">
  <reporter-output>
  </reporter-output>
  <suite name="Default suite" duration-ms="72403" started-at="2016-07-06T14:31:03Z" finished-at="2016-07-06T14:32:15Z">
    <groups>
    </groups>
    <test name="Default test" duration-ms="72403" started-at="2016-07-06T14:31:03Z" finished-at="2016-07-06T14:32:15Z">
      <class name="com.oracle.appbundlers.tests.functionality.SimpleExecutablesTest">
        <test-method status="PASS" signature="setupApplication()[pri:0, instance:com.oracle.appbundlers.tests.functionality.SimpleExecutablesTest@442675e1]" name="setupApplication" is-config="true" duration-ms="1103" started-at="2016-07-06T20:01:03Z" finished-at="2016-07-06T20:01:04Z">
          <reporter-output>
          </reporter-output>
        </test-method> <!-- setupApplication -->
        <test-method status="PASS" signature="saveTestMethod(java.lang.reflect.Method)[pri:0, instance:com.oracle.appbundlers.tests.functionality.SimpleExecutablesTest@442675e1]" name="saveTestMethod" is-config="true" duration-ms="2" started-at="2016-07-06T20:01:04Z" finished-at="2016-07-06T20:01:04Z">
          <params>
            <param index="0">
              <value>
                <![CDATA[public void com.oracle.appbundlers.tests.functionality.TestBase.runTest(com.oracle.appbundlers.utils.BundlingManager) throws java.lang.Exception]]>
              </value>
            </param>
          </params>
          <reporter-output>
          </reporter-output>
        </test-method> <!-- saveTestMethod -->
        <test-method status="PASS" signature="runTest(com.oracle.appbundlers.utils.BundlingManager)[pri:0, instance:com.oracle.appbundlers.tests.functionality.SimpleExecutablesTest@442675e1]" name="runTest" duration-ms="71049" started-at="2016-07-06T20:01:04Z" data-provider="getBundlers" finished-at="2016-07-06T20:02:15Z">
          <params>
            <param index="0">
              <value>
                <![CDATA[exe-cli]]>
              </value>
            </param>
          </params>
          <reporter-output>
          </reporter-output>
        </test-method> <!-- runTest -->
        <test-method status="PASS" signature="cleanUp()[pri:0, instance:com.oracle.appbundlers.tests.functionality.SimpleExecutablesTest@442675e1]" name="cleanUp" is-config="true" duration-ms="20" started-at="2016-07-06T20:02:15Z" finished-at="2016-07-06T20:02:15Z">
          <reporter-output>
          </reporter-output>
        </test-method> <!-- cleanUp -->
      </class> <!-- com.oracle.appbundlers.tests.functionality.SimpleExecutablesTest -->
    </test> <!-- Default test -->
  </suite> <!-- Default suite -->
</testng-results>
